{"ts": "2026-06-25T16:19:41.318454+00:00", "channel": "hmac", "actor": "dev-key-01", "method": "POST", "path": "/api/service", "decision": "allow", "reason": ""}
{"ts": "2026-06-25T16:19:44.505716+00:00", "channel": "hmac", "actor": "dev-key-01", "method": "POST", "path": "/api/service", "decision": "deny", "reason": "invalid_signature"}
{"ts": "2026-06-25T16:20:53.424582+00:00", "channel": "hmac", "actor": "dev-key-01", "method": "POST", "path": "/api/service", "decision": "allow", "reason": ""}
{"ts": "2026-06-25T16:20:56.410514+00:00", "channel": "hmac", "actor": "dev-key-01", "method": "POST", "path": "/api/service", "decision": "deny", "reason": "invalid_signature"}
{"ts": "2026-06-25T16:20:59.493565+00:00", "channel": "hmac", "actor": "dev-key-01", "method": "POST", "path": "/api/service", "decision": "allow", "reason": ""}
{"ts": "2026-06-25T16:21:02.462443+00:00", "channel": "hmac", "actor": "dev-key-01", "method": "POST", "path": "/api/service", "decision": "allow", "reason": ""}
{"ts": "2026-06-25T16:21:02.470717+00:00", "channel": "hmac", "actor": "dev-key-01", "method": "POST", "path": "/api/service", "decision": "deny", "reason": "replay_detected"}
{"ts": "2026-06-25T16:21:02.476186+00:00", "channel": "hmac", "actor": "dev-key-01", "method": "POST", "path": "/api/service", "decision": "deny", "reason": "invalid_timestamp"}
{"ts": "2026-06-25T16:21:05.462172+00:00", "channel": "hmac", "actor": "dev-key-01", "method": "POST", "path": "/api/service", "decision": "deny", "reason": "invalid_signature"}
{"ts": "2026-06-25T16:21:08.416572+00:00", "channel": "hmac", "actor": "ghost-key", "method": "POST", "path": "/api/service", "decision": "deny", "reason": "unknown_key"}
{"ts": "2026-06-25T16:21:08.435138+00:00", "channel": "jwt", "actor": "testuser", "method": "GET", "path": "/api/protected", "decision": "allow", "reason": ""}
{"ts": "2026-06-25T16:21:08.463541+00:00", "channel": "jwt", "actor": "testuser", "method": "GET", "path": "/api/admin", "decision": "deny", "reason": "insufficient_role"}
{"ts": "2026-06-25T16:21:08.470275+00:00", "channel": "jwt", "actor": "testuser", "method": "GET", "path": "/api/admin", "decision": "allow", "reason": ""}
{"ts": "2026-06-25T16:21:08.479544+00:00", "channel": "jwt", "actor": "testuser", "method": "GET", "path": "/api/protected", "decision": "allow", "reason": ""}
{"ts": "2026-06-25T16:21:08.490164+00:00", "channel": "jwt", "actor": "testuser", "method": "GET", "path": "/api/protected", "decision": "deny", "reason": "token_revoked"}
{"ts": "2026-06-25T16:21:27.354399+00:00", "channel": "hmac", "actor": "dev-key-01", "method": "POST", "path": "/api/service", "decision": "allow", "reason": ""}
{"ts": "2026-06-25T16:21:30.347741+00:00", "channel": "hmac", "actor": "dev-key-01", "method": "POST", "path": "/api/service", "decision": "deny", "reason": "invalid_signature"}
{"ts": "2026-06-25T16:21:33.434934+00:00", "channel": "hmac", "actor": "dev-key-01", "method": "POST", "path": "/api/service", "decision": "allow", "reason": ""}
{"ts": "2026-06-25T16:21:36.439533+00:00", "channel": "hmac", "actor": "dev-key-01", "method": "POST", "path": "/api/service", "decision": "allow", "reason": ""}
{"ts": "2026-06-25T16:21:36.448322+00:00", "channel": "hmac", "actor": "dev-key-01", "method": "POST", "path": "/api/service", "decision": "deny", "reason": "replay_detected"}
{"ts": "2026-06-25T16:21:36.455036+00:00", "channel": "hmac", "actor": "dev-key-01", "method": "POST", "path": "/api/service", "decision": "deny", "reason": "invalid_timestamp"}
{"ts": "2026-06-25T16:21:39.455991+00:00", "channel": "hmac", "actor": "dev-key-01", "method": "POST", "path": "/api/service", "decision": "deny", "reason": "invalid_signature"}
{"ts": "2026-06-25T16:21:42.436088+00:00", "channel": "hmac", "actor": "ghost-key", "method": "POST", "path": "/api/service", "decision": "deny", "reason": "unknown_key"}
{"ts": "2026-06-25T16:21:42.451468+00:00", "channel": "jwt", "actor": "testuser", "method": "GET", "path": "/api/protected", "decision": "allow", "reason": ""}
{"ts": "2026-06-25T16:21:42.485520+00:00", "channel": "jwt", "actor": "testuser", "method": "GET", "path": "/api/admin", "decision": "deny", "reason": "insufficient_role"}
{"ts": "2026-06-25T16:21:42.493157+00:00", "channel": "jwt", "actor": "testuser", "method": "GET", "path": "/api/admin", "decision": "allow", "reason": ""}
{"ts": "2026-06-25T16:21:42.506952+00:00", "channel": "jwt", "actor": "testuser", "method": "GET", "path": "/api/protected", "decision": "allow", "reason": ""}
{"ts": "2026-06-25T16:21:42.514357+00:00", "channel": "jwt", "actor": "testuser", "method": "GET", "path": "/api/protected", "decision": "deny", "reason": "token_revoked"}
{"ts": "2026-06-25T16:23:39.592212+00:00", "channel": "hmac", "actor": "dev-key-01", "method": "POST", "path": "/api/service", "decision": "allow", "reason": ""}
{"ts": "2026-06-25T16:23:42.608770+00:00", "channel": "hmac", "actor": "dev-key-01", "method": "POST", "path": "/api/service", "decision": "deny", "reason": "invalid_signature"}
{"ts": "2026-06-25T16:23:45.817133+00:00", "channel": "hmac", "actor": "dev-key-01", "method": "POST", "path": "/api/service", "decision": "allow", "reason": ""}
{"ts": "2026-06-25T16:23:49.121076+00:00", "channel": "hmac", "actor": "dev-key-01", "method": "POST", "path": "/api/service", "decision": "allow", "reason": ""}
{"ts": "2026-06-25T16:23:49.133726+00:00", "channel": "hmac", "actor": "dev-key-01", "method": "POST", "path": "/api/service", "decision": "deny", "reason": "replay_detected"}
{"ts": "2026-06-25T16:23:49.141087+00:00", "channel": "hmac", "actor": "dev-key-01", "method": "POST", "path": "/api/service", "decision": "deny", "reason": "invalid_timestamp"}
{"ts": "2026-06-25T16:23:52.365666+00:00", "channel": "hmac", "actor": "dev-key-01", "method": "POST", "path": "/api/service", "decision": "deny", "reason": "invalid_signature"}
{"ts": "2026-06-25T16:23:55.602999+00:00", "channel": "hmac", "actor": "ghost-key", "method": "POST", "path": "/api/service", "decision": "deny", "reason": "unknown_key"}
{"ts": "2026-06-25T16:23:55.618318+00:00", "channel": "jwt", "actor": "testuser", "method": "GET", "path": "/api/protected", "decision": "allow", "reason": ""}
{"ts": "2026-06-25T16:23:55.663571+00:00", "channel": "jwt", "actor": "testuser", "method": "GET", "path": "/api/admin", "decision": "deny", "reason": "insufficient_role"}
{"ts": "2026-06-25T16:23:55.673633+00:00", "channel": "jwt", "actor": "testuser", "method": "GET", "path": "/api/admin", "decision": "allow", "reason": ""}
{"ts": "2026-06-25T16:23:55.690558+00:00", "channel": "jwt", "actor": "testuser", "method": "GET", "path": "/api/protected", "decision": "allow", "reason": ""}
{"ts": "2026-06-25T16:23:55.699680+00:00", "channel": "jwt", "actor": "testuser", "method": "GET", "path": "/api/protected", "decision": "deny", "reason": "token_revoked"}
{"ts": "2026-06-25T16:24:16.673978+00:00", "channel": "hmac", "actor": "dev-key-01", "method": "POST", "path": "/api/service", "decision": "allow", "reason": ""}
{"ts": "2026-06-25T16:24:19.940626+00:00", "channel": "hmac", "actor": "dev-key-01", "method": "POST", "path": "/api/service", "decision": "deny", "reason": "invalid_signature"}
{"ts": "2026-06-25T16:24:23.350750+00:00", "channel": "hmac", "actor": "dev-key-01", "method": "POST", "path": "/api/service", "decision": "allow", "reason": ""}
{"ts": "2026-06-25T16:24:26.585949+00:00", "channel": "hmac", "actor": "dev-key-01", "method": "POST", "path": "/api/service", "decision": "allow", "reason": ""}
{"ts": "2026-06-25T16:24:26.597771+00:00", "channel": "hmac", "actor": "dev-key-01", "method": "POST", "path": "/api/service", "decision": "deny", "reason": "replay_detected"}
{"ts": "2026-06-25T16:24:26.605524+00:00", "channel": "hmac", "actor": "dev-key-01", "method": "POST", "path": "/api/service", "decision": "deny", "reason": "invalid_timestamp"}
{"ts": "2026-06-25T16:24:29.851031+00:00", "channel": "hmac", "actor": "dev-key-01", "method": "POST", "path": "/api/service", "decision": "deny", "reason": "invalid_signature"}
{"ts": "2026-06-25T16:24:33.076583+00:00", "channel": "hmac", "actor": "ghost-key", "method": "POST", "path": "/api/service", "decision": "deny", "reason": "unknown_key"}
{"ts": "2026-06-25T16:24:33.094387+00:00", "channel": "jwt", "actor": "testuser", "method": "GET", "path": "/api/protected", "decision": "allow", "reason": ""}
{"ts": "2026-06-25T16:24:33.151184+00:00", "channel": "jwt", "actor": "testuser", "method": "GET", "path": "/api/admin", "decision": "deny", "reason": "insufficient_role"}
{"ts": "2026-06-25T16:24:33.162733+00:00", "channel": "jwt", "actor": "testuser", "method": "GET", "path": "/api/admin", "decision": "allow", "reason": ""}
{"ts": "2026-06-25T16:24:33.174292+00:00", "channel": "jwt", "actor": "testuser", "method": "GET", "path": "/api/protected", "decision": "allow", "reason": ""}
{"ts": "2026-06-25T16:24:33.182860+00:00", "channel": "jwt", "actor": "testuser", "method": "GET", "path": "/api/protected", "decision": "deny", "reason": "token_revoked"}
{"ts": "2026-06-25T17:52:51.719650+00:00", "channel": "hmac", "actor": "dev-key-01", "method": "POST", "path": "/api/service", "decision": "allow", "reason": ""}
{"ts": "2026-06-25T17:52:54.730517+00:00", "channel": "hmac", "actor": "dev-key-01", "method": "POST", "path": "/api/service", "decision": "deny", "reason": "invalid_signature"}
{"ts": "2026-06-25T17:52:57.803952+00:00", "channel": "hmac", "actor": "dev-key-01", "method": "POST", "path": "/api/service", "decision": "allow", "reason": ""}
{"ts": "2026-06-25T17:53:00.818272+00:00", "channel": "hmac", "actor": "dev-key-01", "method": "POST", "path": "/api/service", "decision": "allow", "reason": ""}
{"ts": "2026-06-25T17:53:00.829673+00:00", "channel": "hmac", "actor": "dev-key-01", "method": "POST", "path": "/api/service", "decision": "deny", "reason": "replay_detected"}
{"ts": "2026-06-25T17:53:00.835463+00:00", "channel": "hmac", "actor": "dev-key-01", "method": "POST", "path": "/api/service", "decision": "deny", "reason": "invalid_timestamp"}
{"ts": "2026-06-25T17:53:03.843934+00:00", "channel": "hmac", "actor": "dev-key-01", "method": "POST", "path": "/api/service", "decision": "deny", "reason": "invalid_signature"}
{"ts": "2026-06-25T17:53:06.825142+00:00", "channel": "hmac", "actor": "ghost-key", "method": "POST", "path": "/api/service", "decision": "deny", "reason": "unknown_key"}
{"ts": "2026-06-25T17:53:06.831677+00:00", "channel": "jwt", "actor": "testuser", "method": "GET", "path": "/api/protected", "decision": "allow", "reason": ""}
{"ts": "2026-06-25T17:53:06.865258+00:00", "channel": "jwt", "actor": "testuser", "method": "GET", "path": "/api/admin", "decision": "deny", "reason": "insufficient_role"}
{"ts": "2026-06-25T17:53:06.869287+00:00", "channel": "jwt", "actor": "testuser", "method": "GET", "path": "/api/admin", "decision": "allow", "reason": ""}
{"ts": "2026-06-25T17:53:06.878744+00:00", "channel": "jwt", "actor": "testuser", "method": "GET", "path": "/api/protected", "decision": "allow", "reason": ""}
{"ts": "2026-06-25T17:53:06.885092+00:00", "channel": "jwt", "actor": "testuser", "method": "GET", "path": "/api/protected", "decision": "deny", "reason": "token_revoked"}
